<?xml version="1.0" encoding="UTF-8"?>
<testng-results ignored="0" total="1" passed="1" failed="0" skipped="0">
  <reporter-output>
  </reporter-output>
  <suite started-at="2024-08-28T12:54:26 IST" name="Default suite" finished-at="2024-08-28T12:54:39 IST" duration-ms="13249">
    <groups>
    </groups>
    <test started-at="2024-08-28T12:54:26 IST" name="Default test" finished-at="2024-08-28T12:54:39 IST" duration-ms="13249">
      <class name="testcases.LoginTest_001">
        <test-method is-config="true" signature="setUP()[pri:0, instance:testcases.LoginTest_001@139982de]" started-at="2024-08-28T12:54:26 IST" name="setUP" finished-at="2024-08-28T12:54:39 IST" duration-ms="12357" status="PASS">
          <reporter-output>
          </reporter-output>
        </test-method> <!-- setUP -->
        <test-method signature="using_static_data()[pri:0, instance:testcases.LoginTest_001@139982de]" started-at="2024-08-28T12:54:39 IST" name="using_static_data" finished-at="2024-08-28T12:54:39 IST" duration-ms="797" status="PASS">
          <reporter-output>
          </reporter-output>
        </test-method> <!-- using_static_data -->
      </class> <!-- testcases.LoginTest_001 -->
    </test> <!-- Default test -->
  </suite> <!-- Default suite -->
</testng-results>
